<?xml version="1.0" encoding="UTF-8"?>
<!-- Generated by org.testng.reporters.JUnitReportReporter -->
<testsuite hostname="LAPTOP-RTJ3JPGR" failures="0" tests="4" name="groupingInTestNG.Group2" time="0.009" errors="0" timestamp="2024-08-04T22:55:35 IST" skipped="0">
  <testcase classname="groupingInTestNG.Group2" name="TC008" time="0.002"/>
  <system-out/>
  <testcase classname="groupingInTestNG.Group2" name="TC006" time="0.002"/>
  <system-out/>
  <testcase classname="groupingInTestNG.Group2" name="TC010" time="0.002"/>
  <system-out/>
  <testcase classname="groupingInTestNG.Group2" name="TC009" time="0.003"/>
  <system-out/>
</testsuite> <!-- groupingInTestNG.Group2 -->
