<?xml version="1.0" encoding="UTF-8"?>
<!-- Generated by org.testng.reporters.JUnitReportReporter -->
<testsuite hostname="LAPTOP-RTJ3JPGR" failures="0" tests="1" name="testNgCode.DatePickerJquery" time="6.243" errors="0" timestamp="2024-09-09T19:42:14 IST" skipped="0">
  <testcase classname="testNgCode.DatePickerJquery" name="datePicker" time="6.243"/>
  <system-out/>
</testsuite> <!-- testNgCode.DatePickerJquery -->
