<?xml version="1.0" encoding="UTF-8"?>
<!-- Generated by org.testng.reporters.JUnitReportReporter -->
<testsuite hostname="LAPTOP-RTJ3JPGR" failures="0" tests="1" name="extentReports.ExtentReportClass" time="1.947" errors="0" timestamp="2024-09-03T18:58:42 IST" skipped="0">
  <testcase classname="extentReports.ExtentReportClass" name="ExtentReportMethod" time="1.947"/>
  <system-out/>
</testsuite> <!-- extentReports.ExtentReportClass -->
