<?xml version="1.0" encoding="UTF-8"?>
<!-- Generated by org.testng.reporters.JUnitReportReporter -->
<testsuite hostname="LAPTOP-RTJ3JPGR" failures="0" tests="3" name="dataProviderInTestNG.DataSupplier2D" time="0.008" errors="0" timestamp="2024-08-05T12:35:55 IST" skipped="0">
  <testcase classname="dataProviderInTestNG.DataSupplier2D" name="driveMethod" time="0.001"/>
  <system-out/>
  <testcase classname="dataProviderInTestNG.DataSupplier2D" name="driveMethod" time="0.001"/>
  <system-out/>
  <testcase classname="dataProviderInTestNG.DataSupplier2D" name="driveMethod" time="0.006"/>
  <system-out/>
</testsuite> <!-- dataProviderInTestNG.DataSupplier2D -->
