<?xml version="1.0" encoding="UTF-8"?>
<!-- Generated by org.testng.reporters.JUnitReportReporter -->
<testsuite hostname="LAPTOP-RTJ3JPGR" failures="0" tests="4" name="dataProviderInTestNG.DataSupplier" time="0.010" errors="0" timestamp="2024-08-05T12:31:13 IST" skipped="0">
  <testcase classname="dataProviderInTestNG.DataSupplier" name="driveMethod" time="0.001"/>
  <system-out/>
  <testcase classname="dataProviderInTestNG.DataSupplier" name="driveMethod" time="0.001"/>
  <system-out/>
  <testcase classname="dataProviderInTestNG.DataSupplier" name="driveMethod" time="0.006"/>
  <system-out/>
  <testcase classname="dataProviderInTestNG.DataSupplier" name="driveMethod" time="0.002"/>
  <system-out/>
</testsuite> <!-- dataProviderInTestNG.DataSupplier -->
