<?xml version="1.0" encoding="UTF-8"?>
<!-- Generated by org.testng.reporters.JUnitReportReporter -->
<testsuite hostname="LAPTOP-RTJ3JPGR" failures="0" tests="1" name="testNgCode.TestNGAnnotations" time="0.008" errors="0" timestamp="2024-07-20T12:28:23 IST" skipped="0">
  <testcase classname="testNgCode.TestNGAnnotations" name="f" time="0.008"/>
  <system-out/>
</testsuite> <!-- testNgCode.TestNGAnnotations -->
