<?xml version="1.0" encoding="UTF-8"?>
<!-- Generated by org.testng.reporters.JUnitReportReporter -->
<testsuite hostname="LAPTOP-RTJ3JPGR" failures="0" tests="1" name="testNgCode.RevisedDatePicker" time="13.730" errors="0" timestamp="2024-07-31T13:01:10 IST" skipped="0">
  <testcase classname="testNgCode.RevisedDatePicker" name="datepicker" time="13.730"/>
  <system-out/>
</testsuite> <!-- testNgCode.RevisedDatePicker -->
