<?xml version="1.0" encoding="UTF-8"?>
<!-- Generated by org.testng.reporters.JUnitReportReporter -->
<testsuite hostname="LAPTOP-RTJ3JPGR" failures="0" tests="1" name="testNgCode.TestNGAnnotations" time="0.010" errors="0" timestamp="2024-07-23T16:32:35 IST" skipped="0">
  <testcase classname="testNgCode.TestNGAnnotations" name="f" time="0.010"/>
  <system-out/>
</testsuite> <!-- testNgCode.TestNGAnnotations -->
