<?xml version="1.0" encoding="UTF-8"?>
<!-- Generated by org.testng.reporters.JUnitReportReporter -->
<testsuite hostname="LAPTOP-RTJ3JPGR" failures="0" tests="5" name="testNgCode.PriorityTestCase" time="0.017" errors="0" timestamp="2024-07-29T21:35:33 IST" skipped="0">
  <testcase classname="testNgCode.PriorityTestCase" name="SignIn" time="0.013"/>
  <system-out/>
  <testcase classname="testNgCode.PriorityTestCase" name="SearchFlight" time="0.001"/>
  <system-out/>
  <testcase classname="testNgCode.PriorityTestCase" name="BookFlight" time="0.001"/>
  <system-out/>
  <testcase classname="testNgCode.PriorityTestCase" name="SaveTicket" time="0.001"/>
  <system-out/>
  <testcase classname="testNgCode.PriorityTestCase" name="SignOut" time="0.001"/>
  <system-out/>
</testsuite> <!-- testNgCode.PriorityTestCase -->
