<?xml version="1.0" encoding="UTF-8"?>
<!-- Generated by org.testng.reporters.JUnitReportReporter -->
<testsuite hostname="LAPTOP-RTJ3JPGR" failures="0" tests="1" name="log4J2.Log4j2Test" time="5.262" errors="0" timestamp="2024-09-09T14:10:57 IST" skipped="0">
  <testcase classname="log4J2.Log4j2Test" name="login" time="5.262"/>
  <system-out/>
</testsuite> <!-- log4J2.Log4j2Test -->
