<?xml version="1.0" encoding="UTF-8"?>
<!-- Generated by org.testng.reporters.JUnitReportReporter -->
<testsuite hostname="LAPTOP-RTJ3JPGR" failures="0" tests="1" name="dataFromExcelSheet.WorkingWithExcelSheetSwitchCase" time="0.579" errors="0" timestamp="2024-08-12T19:47:02 IST" skipped="0">
  <testcase classname="dataFromExcelSheet.WorkingWithExcelSheetSwitchCase" name="dataDrivenExcel" time="0.579"/>
  <system-out/>
</testsuite> <!-- dataFromExcelSheet.WorkingWithExcelSheetSwitchCase -->
