<?xml version="1.0" encoding="UTF-8"?>
<!-- Generated by org.testng.reporters.JUnitReportReporter -->
<testsuite hostname="LAPTOP-RTJ3JPGR" failures="0" tests="2" name="timeOutAndInvocationCount.RandomUser" time="13.320" errors="0" timestamp="2024-08-06T10:36:48 IST" skipped="0">
  <testcase classname="timeOutAndInvocationCount.RandomUser" name="komal" time="7.252"/>
  <system-out/>
  <testcase classname="timeOutAndInvocationCount.RandomUser" name="komal" time="6.068"/>
  <system-out/>
</testsuite> <!-- timeOutAndInvocationCount.RandomUser -->
