<?xml version="1.0" encoding="UTF-8"?>
<!-- Generated by org.testng.reporters.JUnitReportReporter -->
<testsuite hostname="LAPTOP-RTJ3JPGR" failures="0" tests="1" name="pageFactory.TestClass" time="8.991" errors="0" timestamp="2024-09-09T19:18:44 IST" skipped="0">
  <testcase classname="pageFactory.TestClass" name="userLogin" time="8.991"/>
  <system-out/>
</testsuite> <!-- pageFactory.TestClass -->
