<?xml version="1.0" encoding="UTF-8"?>
<!-- Generated by org.testng.reporters.JUnitReportReporter -->
<testsuite hostname="LAPTOP-RTJ3JPGR" failures="0" tests="5" name="ignoreTestCase.Demo1" time="0.011" errors="0" timestamp="2024-07-29T22:09:49 IST" skipped="1">
  <testcase classname="ignoreTestCase.Demo1" name="TC004" time="0.001"/>
  <system-out/>
  <testcase classname="ignoreTestCase.Demo1" name="TC002" time="0.001"/>
  <system-out/>
  <testcase classname="ignoreTestCase.Demo1" name="TC001" time="0.008"/>
  <system-out/>
  <testcase classname="ignoreTestCase.Demo1" name="TC005" time="0.001"/>
  <system-out/>
  <testcase classname="ignoreTestCase.Demo1" name="TC003">
    <skipped/>
  </testcase> <!-- TC003 -->
  <system-out/>
</testsuite> <!-- ignoreTestCase.Demo1 -->
