<?xml version="1.0" encoding="UTF-8"?>
<!-- Generated by org.testng.reporters.JUnitReportReporter -->
<testsuite hostname="LAPTOP-RTJ3JPGR" failures="0" tests="1" name="extentReports.ScreenshotExtentReport" time="5.942" errors="0" timestamp="2024-09-03T20:09:18 IST" skipped="0">
  <testcase classname="extentReports.ScreenshotExtentReport" name="ExtentReportMethod" time="5.942"/>
  <system-out/>
</testsuite> <!-- extentReports.ScreenshotExtentReport -->
