<?xml version="1.0" encoding="UTF-8"?>
<!-- Generated by org.testng.reporters.JUnitReportReporter -->
<testsuite hostname="LAPTOP-RTJ3JPGR" failures="0" tests="1" name="extentReports.LogExtentReport" time="0.775" errors="0" timestamp="2024-09-03T19:26:50 IST" skipped="0">
  <testcase classname="extentReports.LogExtentReport" name="ExtentReportMethod" time="0.775"/>
  <system-out/>
</testsuite> <!-- extentReports.LogExtentReport -->
