<?xml version="1.0" encoding="UTF-8"?>
<!-- Generated by org.testng.reporters.JUnitReportReporter -->
<testsuite hostname="LAPTOP-RTJ3JPGR" failures="0" tests="1" name="testNgCode.DatePickerFinal" time="11.623" errors="0" timestamp="2024-07-31T21:43:02 IST" skipped="0">
  <testcase classname="testNgCode.DatePickerFinal" name="DatePicker" time="11.623"/>
  <system-out/>
</testsuite> <!-- testNgCode.DatePickerFinal -->
