<?xml version="1.0" encoding="UTF-8"?>
<!-- Generated by org.testng.reporters.JUnitReportReporter -->
<testsuite hostname="LAPTOP-RTJ3JPGR" failures="0" tests="1" name="testNgCode.DatePickerJquery" time="8.226" errors="0" timestamp="2024-07-31T21:00:16 IST" skipped="0">
  <testcase classname="testNgCode.DatePickerJquery" name="datePicker" time="8.226"/>
  <system-out/>
</testsuite> <!-- testNgCode.DatePickerJquery -->
