<?xml version="1.0" encoding="UTF-8"?>
<!-- Generated by org.testng.reporters.JUnitReportReporter -->
<testsuite hostname="LAPTOP-RTJ3JPGR" failures="0" tests="5" name="priorityTestCase.FlightBooking2" time="0.016" errors="0" timestamp="2024-07-29T21:52:04 IST" skipped="0">
  <testcase classname="priorityTestCase.FlightBooking2" name="SignOut" time="0.002"/>
  <system-out/>
  <testcase classname="priorityTestCase.FlightBooking2" name="SaveTicket" time="0.001"/>
  <system-out/>
  <testcase classname="priorityTestCase.FlightBooking2" name="BookFlight" time="0.001"/>
  <system-out/>
  <testcase classname="priorityTestCase.FlightBooking2" name="SignIn" time="0.012"/>
  <system-out/>
  <testcase classname="priorityTestCase.FlightBooking2" name="SearchFlight" time="0.000"/>
  <system-out/>
</testsuite> <!-- priorityTestCase.FlightBooking2 -->
