<?xml version="1.0" encoding="UTF-8"?>
<!-- Generated by org.testng.reporters.JUnitReportReporter -->
<testsuite hostname="LAPTOP-RTJ3JPGR" failures="0" tests="5" name="ignoreTestCase.Demo2" time="0.005" errors="0" timestamp="2024-07-29T22:09:13 IST" skipped="2">
  <testcase classname="ignoreTestCase.Demo2" name="TC010" time="0.002"/>
  <system-out/>
  <testcase classname="ignoreTestCase.Demo2" name="TC007" time="0.002"/>
  <system-out/>
  <testcase classname="ignoreTestCase.Demo2" name="TC008" time="0.001"/>
  <system-out/>
  <testcase classname="ignoreTestCase.Demo2" name="TC009">
    <skipped/>
  </testcase> <!-- TC009 -->
  <system-out/>
  <testcase classname="ignoreTestCase.Demo2" name="TC006">
    <skipped/>
  </testcase> <!-- TC006 -->
  <system-out/>
</testsuite> <!-- ignoreTestCase.Demo2 -->
