<?xml version="1.0" encoding="UTF-8"?>
<!-- Generated by org.testng.reporters.JUnitReportReporter -->
<testsuite hostname="LAPTOP-RTJ3JPGR" failures="0" tests="1" name="frameworkTest.TestClassLogin" time="0.676" errors="0" timestamp="2024-09-05T21:04:31 IST" skipped="0">
  <testcase classname="frameworkTest.TestClassLogin" name="loginTest" time="0.676"/>
  <system-out/>
</testsuite> <!-- frameworkTest.TestClassLogin -->
