<?xml version="1.0" encoding="UTF-8"?>
<!-- Generated by org.testng.reporters.JUnitReportReporter -->
<testsuite hostname="LAPTOP-RTJ3JPGR" failures="0" tests="4" name="groupingInTestNG.Group1" time="0.017" errors="0" timestamp="2024-08-04T22:55:35 IST" skipped="0">
  <testcase classname="groupingInTestNG.Group1" name="TC003" time="0.002"/>
  <system-out/>
  <testcase classname="groupingInTestNG.Group1" name="TC004" time="0.003"/>
  <system-out/>
  <testcase classname="groupingInTestNG.Group1" name="TC001" time="0.010"/>
  <system-out/>
  <testcase classname="groupingInTestNG.Group1" name="TC005" time="0.002"/>
  <system-out/>
</testsuite> <!-- groupingInTestNG.Group1 -->
