<?xml version="1.0" encoding="UTF-8"?>
<!-- Generated by org.testng.reporters.JUnitReportReporter -->
<testsuite hostname="LAPTOP-RTJ3JPGR" failures="0" tests="1" name="assignment.GetKundli" time="19.082" errors="0" timestamp="2024-09-08T15:56:05 IST" skipped="0">
  <testcase classname="assignment.GetKundli" name="getKundliMethod" time="19.082"/>
  <system-out/>
</testsuite> <!-- assignment.GetKundli -->
