<?xml version="1.0" encoding="UTF-8"?>
<!-- Generated by org.testng.reporters.JUnitReportReporter -->
<testsuite hostname="LAPTOP-RTJ3JPGR" failures="0" tests="1" name="testNgCode.DatePicker" time="7.824" errors="0" timestamp="2024-07-30T15:35:11 IST" skipped="0">
  <testcase classname="testNgCode.DatePicker" name="datePickerInSelenium" time="7.824"/>
  <system-out/>
</testsuite> <!-- testNgCode.DatePicker -->
