<?xml version="1.0" encoding="UTF-8"?>
<!-- Generated by org.testng.reporters.JUnitReportReporter -->
<testsuite hostname="LAPTOP-RTJ3JPGR" failures="0" tests="3" name="timeOutAndInvocationCount.Assignment" time="11.869" errors="0" timestamp="2024-08-06T10:22:08 IST" skipped="0">
  <testcase classname="timeOutAndInvocationCount.Assignment" name="timeOutAndInvocation" time="3.252"/>
  <system-out/>
  <testcase classname="timeOutAndInvocationCount.Assignment" name="timeOutAndInvocation" time="4.141"/>
  <system-out/>
  <testcase classname="timeOutAndInvocationCount.Assignment" name="timeOutAndInvocation" time="4.476"/>
  <system-out/>
</testsuite> <!-- timeOutAndInvocationCount.Assignment -->
